<?xml version="1.0" encoding="UTF-8"?>
<testsuite name="com.gastropolis.trazabilidad.application.handler.impl.OrderLogHandlerTest" tests="4" skipped="0" failures="0" errors="0" timestamp="2026-03-24T02:17:59" hostname="DESKTOP-6U4UTQC" time="5.137">
  <properties/>
  <testcase name="getOrderHistory_delegatesAndMapsResult()" classname="com.gastropolis.trazabilidad.application.handler.impl.OrderLogHandlerTest" time="5.048"/>
  <testcase name="getOrderHistory_returnsEmptyListWhenServiceReturnsEmpty()" classname="com.gastropolis.trazabilidad.application.handler.impl.OrderLogHandlerTest" time="0.027"/>
  <testcase name="getEfficiency_delegatesAndMapsResult()" classname="com.gastropolis.trazabilidad.application.handler.impl.OrderLogHandlerTest" time="0.02"/>
  <testcase name="createOrderLog_mapsRequestSavesAndReturnsDto()" classname="com.gastropolis.trazabilidad.application.handler.impl.OrderLogHandlerTest" time="0.02"/>
  <system-out><![CDATA[]]></system-out>
  <system-err><![CDATA[]]></system-err>
</testsuite>
